<?xml version="1.0" encoding="UTF-8"?>
<testng-results ignored="0" total="0" passed="0" failed="0" skipped="0">
  <reporter-output>
  </reporter-output>
  <suite started-at="2022-11-13T22:45:44 IST" name="BDD.RestApiFramework.AppTest" finished-at="2022-11-13T22:45:44 IST" duration-ms="20">
    <groups>
    </groups>
    <test started-at="2022-11-13T22:45:44 IST" name="Command line test" finished-at="2022-11-13T22:45:44 IST" duration-ms="20">
    </test> <!-- Command line test -->
  </suite> <!-- BDD.RestApiFramework.AppTest -->
</testng-results>
